<?xml version="1.0" encoding="UTF-8"?>
<!-- Generated by org.testng.reporters.JUnitReportReporter -->
<testsuite hostname="DESKTOP-MUURNCQ" failures="0" tests="3" name="by.itransition.service.PersonGeneratorTest" time="1.210" errors="0" timestamp="2020-08-06T16:01:20 MSK" skipped="0">
  <testcase classname="by.itransition.service.PersonGeneratorTest" name="bel" time="0.136"/>
  <system-out/>
  <testcase classname="by.itransition.service.PersonGeneratorTest" name="rus" time="0.030"/>
  <system-out/>
  <testcase classname="by.itransition.service.PersonGeneratorTest" name="english" time="1.044"/>
  <system-out/>
</testsuite> <!-- by.itransition.service.PersonGeneratorTest -->
