<?xml version="1.0" encoding="UTF-8"?>
<!-- Generated by org.testng.reporters.JUnitReportReporter -->
<testsuite hostname="DESKTOP-MUURNCQ" failures="0" tests="3" name="by.itransition.service.PersonGeneratorTest" time="1.178" errors="0" timestamp="2020-08-06T12:54:58 MSK" skipped="0">
  <testcase classname="by.itransition.service.PersonGeneratorTest" name="english" time="0.932"/>
  <system-out/>
  <testcase classname="by.itransition.service.PersonGeneratorTest" name="rus" time="0.059"/>
  <system-out/>
  <testcase classname="by.itransition.service.PersonGeneratorTest" name="bel" time="0.187"/>
  <system-out/>
</testsuite> <!-- by.itransition.service.PersonGeneratorTest -->
