<?xml version="1.0" encoding="UTF-8"?>
<!-- Generated by org.testng.reporters.JUnitReportReporter -->
<testsuite hostname="DESKTOP-MUURNCQ" failures="0" tests="3" name="by.itransition.service.PersonGeneratorTest" time="1.132" errors="0" timestamp="2020-08-05T23:37:04 MSK" skipped="0">
  <testcase classname="by.itransition.service.PersonGeneratorTest" name="english" time="0.957"/>
  <system-out/>
  <testcase classname="by.itransition.service.PersonGeneratorTest" name="rus" time="0.033"/>
  <system-out/>
  <testcase classname="by.itransition.service.PersonGeneratorTest" name="bel" time="0.142"/>
  <system-out/>
</testsuite> <!-- by.itransition.service.PersonGeneratorTest -->
